\BOOKMARK [-1][]{frontmatter_anchor.-1}{Front Matter}{}% 1
\BOOKMARK [0][-]{cover_anchor.0}{Cover Page}{frontmatter_anchor.-1}% 2
\BOOKMARK [0][-]{title_anchor.0}{Title Page}{frontmatter_anchor.-1}% 3
\BOOKMARK [0][-]{toc_anchor.0}{Table of Contents}{frontmatter_anchor.-1}% 4
\BOOKMARK [0][-]{lof_anchor.0}{List of Figures}{frontmatter_anchor.-1}% 5
\BOOKMARK [0][-]{lot_anchor.0}{List of Tables}{frontmatter_anchor.-1}% 6
\BOOKMARK [0][-]{chapter*.6}{Preface}{frontmatter_anchor.-1}% 7
\BOOKMARK [-1][]{mainmatter_anchor.-1}{Main Matter}{}% 8
\BOOKMARK [0][-]{chapter.1}{Introduction}{mainmatter_anchor.-1}% 9
\BOOKMARK [1][-]{section.1.1}{Goals of the Thesis}{chapter.1}% 10
\BOOKMARK [1][-]{section.1.2}{Research Approach}{chapter.1}% 11
\BOOKMARK [1][-]{section.1.3}{Nomenclature}{chapter.1}% 12
\BOOKMARK [0][-]{chapter.2}{Phased Array Antenna and Optical Ring Resonator: An Overview}{mainmatter_anchor.-1}% 13
\BOOKMARK [1][-]{section.2.1}{Phased Array Antenna}{chapter.2}% 14
\BOOKMARK [1][-]{section.2.2}{Optical Ring Resonator}{chapter.2}% 15
\BOOKMARK [2][-]{subsection.2.2.1}{Structure of the ORR}{section.2.2}% 16
\BOOKMARK [2][-]{subsection.2.2.2}{Mathematical Model of the ORR}{section.2.2}% 17
\BOOKMARK [0][-]{chapter.3}{Principles of Ring Resonator-Based Optical Beamforming Networks}{mainmatter_anchor.-1}% 18
\BOOKMARK [1][-]{section.3.1}{Optical Beamforming Network Structure}{chapter.3}% 19
\BOOKMARK [0][-]{chapter.4}{Deep Learning Neural Network for Tuning the Optical Beamforming Networks}{mainmatter_anchor.-1}% 20
\BOOKMARK [1][-]{section.4.1}{Section 1}{chapter.4}% 21
\BOOKMARK [-1][]{apdx_anchor.-1}{Appendices}{}% 22
\BOOKMARK [0][-]{appendix.A}{The Back of the Thesis}{apdx_anchor.-1}% 23
\BOOKMARK [1][-]{section.A.1}{An Appendix Section}{appendix.A}% 24
\BOOKMARK [2][-]{subsection.A.1.1}{An appendix subsection with C++ Listing}{section.A.1}% 25
\BOOKMARK [2][-]{subsection.A.1.2}{A MATLAB listing}{section.A.1}% 26
\BOOKMARK [0][-]{appendix.B}{Yet Another Appendix}{apdx_anchor.-1}% 27
\BOOKMARK [1][-]{section.B.1}{Test Section \(Again?\)}{appendix.B}% 28
\BOOKMARK [-1][]{backmatter_anchor.-1}{Back Matter}{}% 29
\BOOKMARK [0][-]{appendix*.24}{Glossary}{backmatter_anchor.-1}% 30
\BOOKMARK [1][-]{section*.25}{List of Acronyms}{appendix*.24}% 31
\BOOKMARK [1][-]{section*.27}{List of Symbols}{appendix*.24}% 32
